<?xml version="1.0" encoding="UTF-8"?>
<!-- Generated by org.testng.reporters.JUnitReportReporter -->
<testsuite hostname="LAPTOP-73JHDUTB" failures="0" tests="2" name="runner.LoginRunner" time="0.094" errors="0" timestamp="2024-02-25T16:17:05 IST" skipped="0">
  <testcase classname="runner.LoginRunner" name="runScenario" time="0.085"/>
  <system-out/>
  <testcase classname="runner.LoginRunner" name="runScenario" time="0.009"/>
  <system-out/>
</testsuite> <!-- runner.LoginRunner -->
