<?xml version="1.0" encoding="UTF-8"?>
<!-- Generated by org.testng.reporters.JUnitReportReporter -->
<testsuite hostname="LAPTOP-73JHDUTB" failures="0" tests="1" name="runner.LoginwithDataRunner" time="0.099" errors="0" timestamp="2024-02-25T17:00:56 IST" skipped="0">
  <testcase classname="runner.LoginwithDataRunner" name="runScenario" time="0.099"/>
  <system-out/>
</testsuite> <!-- runner.LoginwithDataRunner -->
